  0% [                                              ] ETA:  --:--:--   0.0 s/B
  7% [###                                         ] ETA:   0:00:13 878.1 KiB/s
 28% [############                                ] ETA:   0:00:03   2.8 MiB/s
 53% [#######################                     ] ETA:   0:00:01   5.1 MiB/s
 81% [####################################        ] ETA:   0:00:00   7.4 MiB/s
 90% [########################################    ] ETA:   0:00:00   7.8 MiB/s
100% [############################################] ETA:  00:00:00   6.4 MiB/s
100% [############################################] Time:  0:00:02   6.1 MiB/s
  0% [                                              ] ETA:  --:--:--   0.0 s/B
  7% [###                                         ] ETA:   0:00:11   1.0 MiB/s
 31% [##############                              ] ETA:   0:00:02   3.8 MiB/s
 57% [#########################                   ] ETA:   0:00:00   6.5 MiB/s
 74% [################################            ] ETA:   0:00:00   7.4 MiB/s
 87% [######################################      ] ETA:   0:00:00   7.9 MiB/s
 87% [######################################      ] ETA:   0:00:00   6.4 MiB/s
 95% [##########################################  ] ETA:   0:00:00   6.5 MiB/s
100% [############################################] ETA:  00:00:00   6.5 MiB/s
100% [############################################] Time:  0:00:02   6.1 MiB/s
  0% [                                              ] ETA:  --:--:--   0.0 s/B
  7% [###                                         ] ETA:   0:00:10   1.1 MiB/s
 47% [#####################                       ] ETA:   0:00:01   6.0 MiB/s
 61% [###########################                 ] ETA:   0:00:00   7.3 MiB/s
 82% [####################################        ] ETA:   0:00:00   8.3 MiB/s
 95% [##########################################  ] ETA:   0:00:00   9.0 MiB/s
100% [############################################] ETA:  00:00:00   6.5 MiB/s
100% [############################################] Time:  0:00:01   6.5 MiB/s
  0% [                                              ] ETA:  --:--:--   0.0 s/B
  7% [###                                         ] ETA:   0:00:10   1.1 MiB/s
 12% [#####                                       ] ETA:   0:00:07   1.5 MiB/s
 28% [############                                ] ETA:   0:00:02   3.3 MiB/s
 48% [#####################                       ] ETA:   0:00:01   5.3 MiB/s
 70% [###############################             ] ETA:   0:00:00   7.1 MiB/s
 82% [####################################        ] ETA:   0:00:00   6.0 MiB/s
 90% [########################################    ] ETA:   0:00:00   6.3 MiB/s
 99% [########################################### ] ETA:   0:00:00   6.5 MiB/s
100% [############################################] Time:  0:00:01   6.5 MiB/s
  0% [                                              ] ETA:  --:--:--   0.0 s/B
  7% [###                                         ] ETA:   0:00:12 935.2 KiB/s
 36% [################                            ] ETA:   0:00:02   3.9 MiB/s
 81% [###################################         ] ETA:   0:00:00   8.1 MiB/s
 99% [########################################### ] ETA:   0:00:00   9.3 MiB/s
100% [############################################] ETA:  00:00:00   6.4 MiB/s
100% [############################################] Time:  0:00:01   6.4 MiB/s
  0% [                                              ] ETA:  --:--:--   0.0 s/B
  8% [###                                         ] ETA:   0:00:11   1.0 MiB/s
 32% [##############                              ] ETA:   0:00:02   3.8 MiB/s
 45% [####################                        ] ETA:   0:00:01   5.1 MiB/s
 62% [###########################                 ] ETA:   0:00:00   6.4 MiB/s
 86% [######################################      ] ETA:   0:00:00   8.4 MiB/s
 99% [########################################### ] ETA:   0:00:00   9.1 MiB/s
100% [############################################] ETA:  00:00:00   6.9 MiB/s
100% [############################################] Time:  0:00:01   6.9 MiB/s
  0% [                                              ] ETA:  --:--:--   0.0 s/B
  7% [###                                         ] ETA:   0:00:10   1.1 MiB/s
 23% [##########                                  ] ETA:   0:00:03   3.1 MiB/s
 77% [##################################          ] ETA:   0:00:00   9.4 MiB/s
100% [############################################] ETA:  00:00:00   7.0 MiB/s
100% [############################################] Time:  0:00:01   6.6 MiB/s
  0% [                                              ] ETA:  --:--:--   0.0 s/B
  7% [###                                         ] ETA:   0:00:11   1.0 MiB/s
 31% [##############                              ] ETA:   0:00:02   3.9 MiB/s
 56% [#########################                   ] ETA:   0:00:00   6.5 MiB/s
 73% [################################            ] ETA:   0:00:00   8.1 MiB/s
 95% [##########################################  ] ETA:   0:00:00  10.0 MiB/s
100% [############################################] ETA:  00:00:00  10.0 MiB/s
100% [############################################] Time:  0:00:01   9.2 MiB/s
  0% [                                              ] ETA:  --:--:--   0.0 s/B
  7% [###                                        ] ETA:   0:00:11 1015.3 KiB/s
 39% [#################                           ] ETA:   0:00:01   4.6 MiB/s
 65% [#############################               ] ETA:   0:00:00   7.2 MiB/s
 75% [#################################           ] ETA:   0:00:00   7.6 MiB/s
 82% [####################################        ] ETA:   0:00:00   7.9 MiB/s
 90% [########################################    ] ETA:   0:00:00   8.3 MiB/s
100% [############################################] ETA:  00:00:00   8.5 MiB/s
100% [############################################] Time:  0:00:01   8.5 MiB/s
  0% [                                              ] ETA:  --:--:--   0.0 s/B
  7% [###                                         ] ETA:   0:00:10   1.1 MiB/s
 15% [#######                                     ] ETA:   0:00:05   2.1 MiB/s
 40% [##################                          ] ETA:   0:00:01   5.0 MiB/s
 65% [#############################               ] ETA:   0:00:00   7.6 MiB/s
 74% [################################            ] ETA:   0:00:00   7.9 MiB/s
 95% [##########################################  ] ETA:   0:00:00   9.4 MiB/s
100% [############################################] ETA:  00:00:00   7.7 MiB/s
100% [############################################] Time:  0:00:01   7.6 MiB/s
  0% [                                              ] ETA:  --:--:--   0.0 s/B
  7% [###                                         ] ETA:   0:00:10   1.1 MiB/s
 12% [#####                                       ] ETA:   0:00:06   1.6 MiB/s
 36% [###############                             ] ETA:   0:00:01   4.3 MiB/s
 61% [##########################                  ] ETA:   0:00:00   7.0 MiB/s
 82% [####################################        ] ETA:   0:00:00   9.0 MiB/s
 87% [######################################      ] ETA:   0:00:00   9.0 MiB/s
 95% [#########################################   ] ETA:   0:00:00   7.4 MiB/s
100% [############################################] ETA:  00:00:00   7.2 MiB/s
100% [############################################] Time:  0:00:01   7.2 MiB/s
  0% [                                              ] ETA:  --:--:--   0.0 s/B
  7% [###                                         ] ETA:   0:00:11   1.0 MiB/s
 31% [##############                              ] ETA:   0:00:02   3.9 MiB/s
 45% [####################                        ] ETA:   0:00:01   5.2 MiB/s
 73% [################################            ] ETA:   0:00:00   7.9 MiB/s
 87% [######################################      ] ETA:   0:00:00   8.7 MiB/s
 87% [######################################      ] ETA:   0:00:00   6.6 MiB/s
 95% [##########################################  ] ETA:   0:00:00   5.9 MiB/s
100% [############################################] ETA:  00:00:00   5.8 MiB/s
100% [############################################] Time:  0:00:02   5.8 MiB/s
  0% [                                              ] ETA:  --:--:--   0.0 s/B
  7% [###                                         ] ETA:   0:00:11   1.0 MiB/s
 39% [#################                           ] ETA:   0:00:01   4.9 MiB/s
 65% [#############################               ] ETA:   0:00:00   7.7 MiB/s
 75% [#################################           ] ETA:   0:00:00   8.2 MiB/s
 82% [####################################        ] ETA:   0:00:00   8.3 MiB/s
 87% [######################################      ] ETA:   0:00:00   8.2 MiB/s
 95% [##########################################  ] ETA:   0:00:00   6.5 MiB/s
100% [############################################] ETA:  00:00:00   6.5 MiB/s
100% [############################################] Time:  0:00:01   6.4 MiB/s
  0% [                                              ] ETA:  --:--:--   0.0 s/B
  7% [###                                         ] ETA:   0:00:10   1.1 MiB/s
 20% [#########                                   ] ETA:   0:00:03   2.6 MiB/s
 56% [#########################                   ] ETA:   0:00:00   6.8 MiB/s
 78% [##################################          ] ETA:   0:00:00   8.9 MiB/s
 99% [########################################### ] ETA:   0:00:00  10.4 MiB/s
100% [############################################] ETA:  00:00:00   4.9 MiB/s
100% [############################################] Time:  0:00:02   4.7 MiB/s
  0% [                                              ] ETA:  --:--:--   0.0 s/B
  8% [###                                         ] ETA:   0:00:11   1.0 MiB/s
 16% [#######                                     ] ETA:   0:00:05   1.9 MiB/s
 44% [###################                         ] ETA:   0:00:01   5.0 MiB/s
 86% [######################################      ] ETA:   0:00:00   9.0 MiB/s
100% [############################################] ETA:  00:00:00   7.0 MiB/s
100% [############################################] Time:  0:00:01   7.0 MiB/s
  0% [                                              ] ETA:  --:--:--   0.0 s/B
  7% [###                                         ] ETA:   0:00:12 954.0 KiB/s
 23% [##########                                  ] ETA:   0:00:03   2.7 MiB/s
 40% [#################                           ] ETA:   0:00:01   4.3 MiB/s
 73% [################################            ] ETA:   0:00:00   7.4 MiB/s
 99% [########################################### ] ETA:   0:00:00   9.2 MiB/s
100% [############################################] ETA:  00:00:00   6.7 MiB/s
100% [############################################] Time:  0:00:01   6.6 MiB/s
  0% [                                              ] ETA:  --:--:--   0.0 s/B
  7% [###                                         ] ETA:   0:00:11   1.0 MiB/s
 28% [############                                ] ETA:   0:00:02   3.4 MiB/s
 56% [#########################                   ] ETA:   0:00:00   6.4 MiB/s
 90% [########################################    ] ETA:   0:00:00   9.6 MiB/s
100% [############################################] ETA:  00:00:00   6.8 MiB/s
100% [############################################] Time:  0:00:01   6.8 MiB/s
  0% [                                              ] ETA:  --:--:--   0.0 s/B
  7% [###                                         ] ETA:   0:00:10   1.1 MiB/s
 52% [#######################                     ] ETA:   0:00:00   6.6 MiB/s
 82% [####################################        ] ETA:   0:00:00   9.9 MiB/s
 95% [##########################################  ] ETA:   0:00:00  10.4 MiB/s
100% [############################################] ETA:  00:00:00   5.3 MiB/s
100% [############################################] Time:  0:00:02   5.3 MiB/s
  0% [                                              ] ETA:  --:--:--   0.0 s/B
  7% [###                                         ] ETA:   0:00:11   1.0 MiB/s
 31% [##############                              ] ETA:   0:00:02   3.8 MiB/s
 65% [#############################               ] ETA:   0:00:00   7.4 MiB/s
 78% [##################################          ] ETA:   0:00:00   8.4 MiB/s
 95% [##########################################  ] ETA:   0:00:00   9.6 MiB/s
100% [############################################] ETA:  00:00:00   6.9 MiB/s
100% [############################################] Time:  0:00:01   6.9 MiB/s
  0% [                                              ] ETA:  --:--:--   0.0 s/B
  7% [###                                         ] ETA:   0:00:10   1.1 MiB/s
 28% [############                                ] ETA:   0:00:02   3.7 MiB/s
 45% [####################                        ] ETA:   0:00:01   5.7 MiB/s
 65% [#############################               ] ETA:   0:00:00   7.8 MiB/s
 82% [####################################        ] ETA:   0:00:00   9.2 MiB/s
 95% [##########################################  ] ETA:   0:00:00   9.0 MiB/s
 99% [########################################### ] ETA:   0:00:00   9.0 MiB/s
100% [############################################] ETA:  00:00:00   7.5 MiB/s
100% [############################################] Time:  0:00:01   7.4 MiB/s
  0% [                                              ] ETA:  --:--:--   0.0 s/B
  7% [###                                         ] ETA:   0:00:10   1.1 MiB/s
 23% [##########                                  ] ETA:   0:00:03   3.1 MiB/s
 65% [############################                ] ETA:   0:00:00   8.0 MiB/s
 78% [##################################          ] ETA:   0:00:00   8.9 MiB/s
 90% [#######################################     ] ETA:   0:00:00   9.7 MiB/s
 99% [########################################### ] ETA:   0:00:00  10.0 MiB/s
100% [############################################] ETA:  00:00:00   7.5 MiB/s
100% [############################################] Time:  0:00:01   7.0 MiB/s
  0% [                                              ] ETA:  --:--:--   0.0 s/B
  7% [###                                        ] ETA:   0:00:11 1017.3 KiB/s
 23% [##########                                  ] ETA:   0:00:03   2.8 MiB/s
 64% [############################                ] ETA:   0:00:00   7.3 MiB/s
 90% [########################################    ] ETA:   0:00:00   9.8 MiB/s
 99% [########################################### ] ETA:   0:00:00  10.1 MiB/s
100% [############################################] ETA:  00:00:00   6.4 MiB/s
100% [############################################] Time:  0:00:01   6.3 MiB/s
  0% [                                              ] ETA:  --:--:--   0.0 s/B
  7% [###                                         ] ETA:   0:00:10   1.1 MiB/s
 15% [#######                                     ] ETA:   0:00:05   2.1 MiB/s
 44% [###################                         ] ETA:   0:00:01   5.4 MiB/s
 69% [##############################              ] ETA:   0:00:00   7.9 MiB/s
 99% [########################################### ] ETA:   0:00:00  10.7 MiB/s
100% [############################################] ETA:  00:00:00   7.7 MiB/s
100% [############################################] Time:  0:00:01   7.2 MiB/s
  0% [                                              ] ETA:  --:--:--   0.0 s/B
  7% [###                                         ] ETA:   0:00:11   1.0 MiB/s
 31% [#############                               ] ETA:   0:00:02   3.9 MiB/s
 77% [#################################           ] ETA:   0:00:00   9.0 MiB/s
 90% [#######################################     ] ETA:   0:00:00  10.1 MiB/s
100% [############################################] ETA:  00:00:00   7.4 MiB/s
100% [############################################] Time:  0:00:01   7.3 MiB/s
  0% [                                              ] ETA:  --:--:--   0.0 s/B
  7% [###                                         ] ETA:   0:00:11   1.0 MiB/s
 23% [##########                                  ] ETA:   0:00:03   2.9 MiB/s
 56% [#########################                   ] ETA:   0:00:00   6.5 MiB/s
 82% [####################################        ] ETA:   0:00:00   8.9 MiB/s
 99% [########################################### ] ETA:   0:00:00   9.9 MiB/s
100% [############################################] ETA:  00:00:00   7.3 MiB/s
100% [############################################] Time:  0:00:01   7.3 MiB/s
  0% [                                              ] ETA:  --:--:--   0.0 s/B
  7% [###                                         ] ETA:   0:00:11   1.0 MiB/s
 31% [##############                              ] ETA:   0:00:02   3.8 MiB/s
 57% [#########################                   ] ETA:   0:00:00   6.5 MiB/s
 70% [###############################             ] ETA:   0:00:00   6.4 MiB/s
 90% [########################################    ] ETA:   0:00:00   7.8 MiB/s
100% [############################################] ETA:  00:00:00   7.4 MiB/s
100% [############################################] Time:  0:00:01   6.9 MiB/s
  0% [                                              ] ETA:  --:--:--   0.0 s/B
  8% [###                                         ] ETA:   0:00:11   1.0 MiB/s
 32% [##############                              ] ETA:   0:00:02   3.9 MiB/s
 61% [###########################                 ] ETA:   0:00:00   7.1 MiB/s
 78% [##################################          ] ETA:   0:00:00   8.6 MiB/s
 95% [##########################################  ] ETA:   0:00:00   9.6 MiB/s
 99% [########################################### ] ETA:   0:00:00   9.5 MiB/s
100% [############################################] ETA:  00:00:00   7.1 MiB/s
100% [############################################] Time:  0:00:01   6.7 MiB/s
  0% [                                              ] ETA:  --:--:--   0.0 s/B
  8% [###                                         ] ETA:   0:00:10   1.1 MiB/s
 52% [#######################                     ] ETA:   0:00:00   6.8 MiB/s
 91% [########################################    ] ETA:   0:00:00  11.0 MiB/s
 99% [########################################### ] ETA:   0:00:00  11.3 MiB/s
100% [############################################] ETA:  00:00:00   8.0 MiB/s
100% [############################################] Time:  0:00:01   7.5 MiB/s
  0% [                                              ] ETA:  --:--:--   0.0 s/B
  7% [###                                         ] ETA:   0:00:11   1.0 MiB/s
 12% [#####                                       ] ETA:   0:00:07   1.5 MiB/s
 36% [################                            ] ETA:   0:00:01   4.2 MiB/s
 61% [###########################                 ] ETA:   0:00:00   6.8 MiB/s
 70% [###############################             ] ETA:   0:00:00   7.3 MiB/s
 82% [####################################        ] ETA:   0:00:00   8.0 MiB/s
 87% [######################################      ] ETA:   0:00:00   8.1 MiB/s
 95% [##########################################  ] ETA:   0:00:00   8.4 MiB/s
100% [############################################] ETA:  00:00:00   8.4 MiB/s
100% [############################################] Time:  0:00:01   8.3 MiB/s
  0% [                                              ] ETA:  --:--:--   0.0 s/B
  7% [###                                         ] ETA:   0:00:11   1.0 MiB/s
 39% [#################                           ] ETA:   0:00:01   4.8 MiB/s
 77% [##################################          ] ETA:   0:00:00   8.9 MiB/s
100% [############################################] ETA:  00:00:00  10.5 MiB/s
100% [############################################] Time:  0:00:01  10.4 MiB/s
  0% [                                              ] ETA:  --:--:--   0.0 s/B
  7% [###                                        ] ETA:   0:00:11 1009.2 KiB/s
 15% [#######                                     ] ETA:   0:00:05   1.8 MiB/s
 44% [###################                         ] ETA:   0:00:01   4.9 MiB/s
 65% [#############################               ] ETA:   0:00:00   6.8 MiB/s
 82% [####################################        ] ETA:   0:00:00   8.2 MiB/s
 95% [##########################################  ] ETA:   0:00:00   9.0 MiB/s
100% [############################################] ETA:  00:00:00   6.3 MiB/s
100% [############################################] Time:  0:00:01   6.3 MiB/s
  0% [                                              ] ETA:  --:--:--   0.0 s/B
  7% [###                                         ] ETA:   0:00:10   1.1 MiB/s
 15% [#######                                     ] ETA:   0:00:05   2.0 MiB/s
 36% [################                            ] ETA:   0:00:01   4.2 MiB/s
 69% [##############################              ] ETA:   0:00:00   7.7 MiB/s
 78% [##################################          ] ETA:   0:00:00   8.3 MiB/s
 95% [##########################################  ] ETA:   0:00:00   9.5 MiB/s
 99% [########################################### ] ETA:   0:00:00   9.3 MiB/s
100% [############################################] ETA:  00:00:00   7.1 MiB/s
100% [############################################] Time:  0:00:01   7.1 MiB/s
  0% [                                              ] ETA:  --:--:--   0.0 s/B
  7% [###                                         ] ETA:   0:00:10   1.1 MiB/s
 20% [#########                                   ] ETA:   0:00:03   2.6 MiB/s
 60% [##########################                  ] ETA:   0:00:00   7.2 MiB/s
 81% [####################################        ] ETA:   0:00:00   9.3 MiB/s
 99% [########################################### ] ETA:   0:00:00  10.7 MiB/s
100% [############################################] ETA:  00:00:00   7.6 MiB/s
100% [############################################] Time:  0:00:01   7.1 MiB/s
  0% [                                              ] ETA:  --:--:--   0.0 s/B
  8% [###                                         ] ETA:   0:00:10   1.1 MiB/s
 16% [#######                                     ] ETA:   0:00:05   2.0 MiB/s
 49% [#####################                       ] ETA:   0:00:01   5.7 MiB/s
 83% [####################################        ] ETA:   0:00:00   8.9 MiB/s
 99% [########################################### ] ETA:   0:00:00   9.7 MiB/s
100% [############################################] ETA:  00:00:00   7.7 MiB/s
100% [############################################] Time:  0:00:01   7.6 MiB/s
  0% [                                              ] ETA:  --:--:--   0.0 s/B
  7% [###                                         ] ETA:   0:00:10   1.0 MiB/s
 31% [##############                              ] ETA:   0:00:02   3.9 MiB/s
 53% [#######################                     ] ETA:   0:00:00   6.2 MiB/s
 78% [##################################          ] ETA:   0:00:00   8.6 MiB/s
 87% [######################################      ] ETA:   0:00:00   9.1 MiB/s
 99% [########################################### ] ETA:   0:00:00   9.4 MiB/s
100% [############################################] ETA:  00:00:00   8.1 MiB/s
100% [############################################] Time:  0:00:01   8.1 MiB/s
  0% [                                              ] ETA:  --:--:--   0.0 s/B
  7% [###                                         ] ETA:   0:00:11   1.0 MiB/s
 28% [############                                ] ETA:   0:00:02   3.4 MiB/s
 81% [####################################        ] ETA:   0:00:00   9.1 MiB/s
100% [############################################] ETA:  00:00:00   7.6 MiB/s
100% [############################################] Time:  0:00:01   7.6 MiB/s
  0% [                                              ] ETA:  --:--:--   0.0 s/B
  7% [###                                         ] ETA:   0:00:09   1.2 MiB/s
 28% [############                                ] ETA:   0:00:02   3.8 MiB/s
 53% [#######################                     ] ETA:   0:00:00   6.6 MiB/s
 62% [###########################                 ] ETA:   0:00:00   7.3 MiB/s
 90% [########################################    ] ETA:   0:00:00   9.9 MiB/s
100% [############################################] ETA:  00:00:00   8.0 MiB/s
100% [############################################] Time:  0:00:01   7.9 MiB/s
  0% [                                              ] ETA:  --:--:--   0.0 s/B
  7% [###                                         ] ETA:   0:00:10   1.1 MiB/s
 28% [############                                ] ETA:   0:00:02   3.6 MiB/s
 56% [########################                    ] ETA:   0:00:00   6.9 MiB/s
 73% [################################            ] ETA:   0:00:00   8.4 MiB/s
 99% [########################################### ] ETA:   0:00:00  10.4 MiB/s
100% [############################################] ETA:  00:00:00   5.0 MiB/s
100% [############################################] Time:  0:00:02   5.0 MiB/s
  0% [                                              ] ETA:  --:--:--   0.0 s/B
  7% [###                                         ] ETA:   0:00:10   1.1 MiB/s
 47% [#####################                       ] ETA:   0:00:01   6.0 MiB/s
 64% [############################                ] ETA:   0:00:00   7.7 MiB/s
 99% [########################################### ] ETA:   0:00:00  11.0 MiB/s
100% [############################################] ETA:  00:00:00   7.2 MiB/s
100% [############################################] Time:  0:00:01   6.7 MiB/s
  0% [                                              ] ETA:  --:--:--   0.0 s/B
  7% [###                                         ] ETA:   0:00:10   1.1 MiB/s
 23% [##########                                  ] ETA:   0:00:03   3.0 MiB/s
 44% [###################                         ] ETA:   0:00:01   5.2 MiB/s
 62% [###########################                 ] ETA:   0:00:00   6.8 MiB/s
 70% [###############################             ] ETA:   0:00:00   7.2 MiB/s
 86% [######################################      ] ETA:   0:00:00   8.4 MiB/s
 99% [########################################### ] ETA:   0:00:00   9.0 MiB/s
100% [############################################] ETA:  00:00:00   7.3 MiB/s
100% [############################################] Time:  0:00:01   7.2 MiB/s
  0% [                                              ] ETA:  --:--:--   0.0 s/B
  7% [###                                         ] ETA:   0:00:10   1.1 MiB/s
 31% [#############                               ] ETA:   0:00:02   4.1 MiB/s
 61% [##########################                  ] ETA:   0:00:00   7.2 MiB/s
 82% [####################################        ] ETA:   0:00:00   9.1 MiB/s
 87% [######################################      ] ETA:   0:00:00   6.5 MiB/s
 95% [#########################################   ] ETA:   0:00:00   6.4 MiB/s
100% [############################################] ETA:  00:00:00   6.3 MiB/s
100% [############################################] Time:  0:00:02   6.3 MiB/s
  0% [                                              ] ETA:  --:--:--   0.0 s/B
  7% [###                                         ] ETA:   0:00:11   1.0 MiB/s
 23% [##########                                  ] ETA:   0:00:03   2.9 MiB/s
 48% [#####################                       ] ETA:   0:00:01   5.6 MiB/s
 70% [###############################             ] ETA:   0:00:00   7.7 MiB/s
 82% [####################################        ] ETA:   0:00:00   8.4 MiB/s
 95% [##########################################  ] ETA:   0:00:00   9.2 MiB/s
 99% [########################################### ] ETA:   0:00:00   9.2 MiB/s
100% [############################################] ETA:  00:00:00   7.0 MiB/s
100% [############################################] Time:  0:00:01   6.9 MiB/s
  0% [                                              ] ETA:  --:--:--   0.0 s/B
  7% [###                                         ] ETA:   0:00:11   1.0 MiB/s
 23% [##########                                  ] ETA:   0:00:03   2.9 MiB/s
 60% [##########################                  ] ETA:   0:00:00   6.8 MiB/s
 78% [##################################          ] ETA:   0:00:00   8.4 MiB/s
 95% [##########################################  ] ETA:   0:00:00   9.6 MiB/s
 99% [########################################### ] ETA:   0:00:00   9.3 MiB/s
100% [############################################] ETA:  00:00:00   6.9 MiB/s
100% [############################################] Time:  0:00:01   6.5 MiB/s
  0% [                                              ] ETA:  --:--:--   0.0 s/B
  7% [###                                        ] ETA:   0:00:11 1015.4 KiB/s
 39% [#################                           ] ETA:   0:00:01   4.7 MiB/s
 69% [##############################              ] ETA:   0:00:00   7.8 MiB/s
 90% [########################################    ] ETA:   0:00:00   9.7 MiB/s
100% [############################################] ETA:  00:00:00   4.7 MiB/s
100% [############################################] Time:  0:00:02   4.5 MiB/s
  0% [                                              ] ETA:  --:--:--   0.0 s/B
  7% [###                                         ] ETA:   0:00:10   1.0 MiB/s
 12% [#####                                       ] ETA:   0:00:07   1.5 MiB/s
 44% [###################                         ] ETA:   0:00:01   5.1 MiB/s
 53% [#######################                     ] ETA:   0:00:01   5.8 MiB/s
 75% [#################################           ] ETA:   0:00:00   7.6 MiB/s
 87% [######################################      ] ETA:   0:00:00   8.2 MiB/s
100% [############################################] ETA:  00:00:00   8.6 MiB/s
100% [############################################] Time:  0:00:01   8.5 MiB/s
  0% [                                              ] ETA:  --:--:--   0.0 s/B
  7% [###                                         ] ETA:   0:00:10   1.1 MiB/s
 23% [##########                                  ] ETA:   0:00:03   3.0 MiB/s
 45% [####################                        ] ETA:   0:00:01   5.3 MiB/s
 70% [###############################             ] ETA:   0:00:00   7.4 MiB/s
 82% [####################################        ] ETA:   0:00:00   8.2 MiB/s
 95% [##########################################  ] ETA:   0:00:00   8.9 MiB/s
100% [############################################] ETA:  00:00:00   7.6 MiB/s
100% [############################################] Time:  0:00:01   7.6 MiB/s
  0% [                                              ] ETA:  --:--:--   0.0 s/B
  7% [###                                         ] ETA:   0:00:10   1.1 MiB/s
 15% [#######                                     ] ETA:   0:00:05   2.1 MiB/s
 36% [################                            ] ETA:   0:00:01   4.3 MiB/s
 73% [################################            ] ETA:   0:00:00   8.2 MiB/s
 95% [##########################################  ] ETA:   0:00:00   7.4 MiB/s
100% [############################################] ETA:  00:00:00   7.3 MiB/s
100% [############################################] Time:  0:00:01   7.3 MiB/s
  0% [                                              ] ETA:  --:--:--   0.0 s/B
  7% [###                                         ] ETA:   0:00:10   1.1 MiB/s
 23% [##########                                  ] ETA:   0:00:03   3.0 MiB/s
 56% [#########################                   ] ETA:   0:00:00   6.8 MiB/s
 81% [####################################        ] ETA:   0:00:00   9.2 MiB/s
 95% [##########################################  ] ETA:   0:00:00  10.1 MiB/s
100% [############################################] ETA:  00:00:00   7.4 MiB/s
100% [############################################] Time:  0:00:01   7.4 MiB/s
  0% [                                              ] ETA:  --:--:--   0.0 s/B
  8% [###                                         ] ETA:   0:00:09   1.2 MiB/s
 24% [##########                                  ] ETA:   0:00:02   3.2 MiB/s
 41% [##################                          ] ETA:   0:00:01   5.1 MiB/s
 66% [#############################               ] ETA:   0:00:00   7.7 MiB/s
 83% [####################################        ] ETA:   0:00:00   8.4 MiB/s
 87% [######################################      ] ETA:   0:00:00   8.4 MiB/s
 99% [########################################### ] ETA:   0:00:00   8.6 MiB/s
100% [############################################] Time:  0:00:01   8.3 MiB/s
  0% [                                              ] ETA:  --:--:--   0.0 s/B
  7% [###                                        ] ETA:   0:00:11 1002.1 KiB/s
 47% [#####################                       ] ETA:   0:00:01   5.5 MiB/s
 81% [####################################        ] ETA:   0:00:00   9.0 MiB/s
 95% [##########################################  ] ETA:   0:00:00  10.0 MiB/s
100% [############################################] ETA:  00:00:00   7.1 MiB/s
100% [############################################] Time:  0:00:01   7.1 MiB/s
  0% [                                              ] ETA:  --:--:--   0.0 s/B
  7% [###                                         ] ETA:   0:00:11   1.0 MiB/s
 39% [#################                           ] ETA:   0:00:01   4.9 MiB/s
 78% [##################################          ] ETA:   0:00:00   9.0 MiB/s
 95% [##########################################  ] ETA:   0:00:00   9.9 MiB/s
100% [############################################] ETA:  00:00:00   9.5 MiB/s
100% [############################################] Time:  0:00:01   9.5 MiB/s
  0% [                                              ] ETA:  --:--:--   0.0 s/B
  7% [###                                         ] ETA:   0:00:10   1.1 MiB/s
 44% [###################                         ] ETA:   0:00:01   5.5 MiB/s
 70% [##############################              ] ETA:   0:00:00   8.2 MiB/s
 90% [#######################################     ] ETA:   0:00:00   9.9 MiB/s
 95% [#########################################   ] ETA:   0:00:00  10.0 MiB/s
100% [############################################] ETA:  00:00:00   7.5 MiB/s
100% [############################################] Time:  0:00:01   7.0 MiB/s
  0% [                                              ] ETA:  --:--:--   0.0 s/B
  7% [###                                         ] ETA:   0:00:10   1.1 MiB/s
 15% [######                                      ] ETA:   0:00:05   2.1 MiB/s
 28% [############                                ] ETA:   0:00:02   3.5 MiB/s
 56% [########################                    ] ETA:   0:00:00   6.5 MiB/s
 86% [#####################################       ] ETA:   0:00:00   9.4 MiB/s
 95% [#########################################   ] ETA:   0:00:00   9.9 MiB/s
100% [############################################] ETA:  00:00:00   7.7 MiB/s
100% [############################################] Time:  0:00:01   7.2 MiB/s
  0% [                                              ] ETA:  --:--:--   0.0 s/B
  7% [###                                         ] ETA:   0:00:10   1.1 MiB/s
 20% [#########                                   ] ETA:   0:00:03   2.8 MiB/s
 45% [####################                        ] ETA:   0:00:01   5.8 MiB/s
 53% [#######################                     ] ETA:   0:00:00   6.4 MiB/s
 70% [###############################             ] ETA:   0:00:00   7.8 MiB/s
 90% [########################################    ] ETA:   0:00:00   9.6 MiB/s
100% [############################################] ETA:  00:00:00   7.5 MiB/s
100% [############################################] Time:  0:00:01   7.1 MiB/s
  0% [                                              ] ETA:  --:--:--   0.0 s/B
  7% [###                                        ] ETA:   0:00:11 1006.0 KiB/s
 23% [##########                                  ] ETA:   0:00:03   2.8 MiB/s
 61% [###########################                 ] ETA:   0:00:00   6.7 MiB/s
 74% [################################            ] ETA:   0:00:00   7.8 MiB/s
 82% [####################################        ] ETA:   0:00:00   8.3 MiB/s
 95% [##########################################  ] ETA:   0:00:00   8.8 MiB/s
100% [############################################] ETA:  00:00:00   6.8 MiB/s
100% [############################################] Time:  0:00:01   6.4 MiB/s
  0% [                                              ] ETA:  --:--:--   0.0 s/B
  7% [###                                         ] ETA:   0:00:09   1.2 MiB/s
 12% [#####                                       ] ETA:   0:00:06   1.7 MiB/s
 28% [############                                ] ETA:   0:00:02   3.6 MiB/s
 56% [#########################                   ] ETA:   0:00:00   6.7 MiB/s
 90% [########################################    ] ETA:   0:00:00  10.0 MiB/s
100% [############################################] ETA:  00:00:00   7.8 MiB/s
100% [############################################] Time:  0:00:01   7.7 MiB/s
  0% [                                              ] ETA:  --:--:--   0.0 s/B
  7% [###                                         ] ETA:   0:00:11   1.0 MiB/s
 47% [#####################                       ] ETA:   0:00:01   5.7 MiB/s
 86% [######################################      ] ETA:   0:00:00   9.7 MiB/s
100% [############################################] ETA:  00:00:00   6.7 MiB/s
100% [############################################] Time:  0:00:01   6.3 MiB/s
  0% [                                              ] ETA:  --:--:--   0.0 s/B
  7% [###                                         ] ETA:   0:00:10   1.1 MiB/s
 23% [##########                                  ] ETA:   0:00:03   3.2 MiB/s
 48% [#####################                       ] ETA:   0:00:01   6.1 MiB/s
 70% [###############################             ] ETA:   0:00:00   8.4 MiB/s
 90% [########################################    ] ETA:   0:00:00  10.2 MiB/s
 99% [########################################### ] ETA:   0:00:00  10.6 MiB/s
100% [############################################] ETA:  00:00:00   7.6 MiB/s
100% [############################################] Time:  0:00:01   7.1 MiB/s
  0% [                                              ] ETA:  --:--:--   0.0 s/B
  7% [###                                         ] ETA:   0:00:10   1.1 MiB/s
 15% [#######                                     ] ETA:   0:00:05   2.0 MiB/s
 52% [#######################                     ] ETA:   0:00:00   6.2 MiB/s
 73% [################################            ] ETA:   0:00:00   8.3 MiB/s
 90% [########################################    ] ETA:   0:00:00   9.6 MiB/s
 99% [########################################### ] ETA:   0:00:00   9.7 MiB/s
100% [############################################] ETA:  00:00:00   6.5 MiB/s
100% [############################################] Time:  0:00:01   6.5 MiB/s
  0% [                                              ] ETA:  --:--:--   0.0 s/B
  7% [###                                         ] ETA:   0:00:10   1.1 MiB/s
 15% [#######                                     ] ETA:   0:00:05   2.0 MiB/s
 40% [##################                          ] ETA:   0:00:01   4.7 MiB/s
 65% [#############################               ] ETA:   0:00:00   7.2 MiB/s
 70% [###############################             ] ETA:   0:00:00   7.2 MiB/s
 87% [######################################      ] ETA:   0:00:00   8.3 MiB/s
 95% [##########################################  ] ETA:   0:00:00   6.9 MiB/s
100% [############################################] ETA:  00:00:00   6.8 MiB/s
100% [############################################] Time:  0:00:01   6.8 MiB/s
  0% [                                              ] ETA:  --:--:--   0.0 s/B
  7% [###                                         ] ETA:   0:00:11   1.0 MiB/s
 31% [##############                              ] ETA:   0:00:02   3.9 MiB/s
 61% [###########################                 ] ETA:   0:00:00   7.2 MiB/s
 95% [##########################################  ] ETA:   0:00:00  10.4 MiB/s
100% [############################################] Time:  0:00:01  10.4 MiB/s
  0% [                                              ] ETA:  --:--:--   0.0 s/B
  7% [###                                         ] ETA:   0:00:10   1.1 MiB/s
 12% [#####                                       ] ETA:   0:00:06   1.6 MiB/s
 20% [#########                                   ] ETA:   0:00:04   2.5 MiB/s
 60% [##########################                  ] ETA:   0:00:00   6.9 MiB/s
 90% [########################################    ] ETA:   0:00:00   9.9 MiB/s
 99% [########################################### ] ETA:   0:00:00  10.3 MiB/s
100% [############################################] ETA:  00:00:00   7.7 MiB/s
100% [############################################] Time:  0:00:01   7.2 MiB/s
  0% [                                              ] ETA:  --:--:--   0.0 s/B
  7% [###                                         ] ETA:   0:00:10   1.1 MiB/s
 12% [#####                                       ] ETA:   0:00:06   1.6 MiB/s
 40% [##################                          ] ETA:   0:00:01   5.0 MiB/s
 73% [################################            ] ETA:   0:00:00   8.5 MiB/s
 95% [##########################################  ] ETA:   0:00:00  10.5 MiB/s
100% [############################################] ETA:  00:00:00   7.5 MiB/s
100% [############################################] Time:  0:00:01   7.0 MiB/s
  0% [                                              ] ETA:  --:--:--   0.0 s/B
  8% [###                                         ] ETA:   0:00:11   1.0 MiB/s
 28% [############                                ] ETA:   0:00:02   3.2 MiB/s
 49% [#####################                       ] ETA:   0:00:01   5.2 MiB/s
 74% [################################            ] ETA:   0:00:00   7.3 MiB/s
 91% [########################################    ] ETA:   0:00:00   8.5 MiB/s
100% [############################################] ETA:  00:00:00   6.7 MiB/s
100% [############################################] Time:  0:00:01   6.7 MiB/s
  0% [                                              ] ETA:  --:--:--   0.0 s/B
  8% [###                                         ] ETA:   0:00:10   1.1 MiB/s
 40% [#################                           ] ETA:   0:00:01   5.0 MiB/s
 57% [#########################                   ] ETA:   0:00:00   6.7 MiB/s
 83% [####################################        ] ETA:   0:00:00   9.1 MiB/s
 99% [########################################### ] ETA:   0:00:00   9.7 MiB/s
100% [############################################] ETA:  00:00:00   6.7 MiB/s
100% [############################################] Time:  0:00:01   6.7 MiB/s
  0% [                                              ] ETA:  --:--:--   0.0 s/B
  7% [###                                         ] ETA:   0:00:09   1.2 MiB/s
 12% [#####                                       ] ETA:   0:00:06   1.7 MiB/s
 20% [#########                                   ] ETA:   0:00:03   2.6 MiB/s
 44% [###################                         ] ETA:   0:00:01   5.4 MiB/s
 73% [################################            ] ETA:   0:00:00   8.5 MiB/s
 87% [######################################      ] ETA:   0:00:00   9.4 MiB/s
 95% [##########################################  ] ETA:   0:00:00   9.0 MiB/s
100% [############################################] ETA:  00:00:00   8.9 MiB/s
100% [############################################] Time:  0:00:01   8.8 MiB/s
  0% [                                              ] ETA:  --:--:--   0.0 s/B
  7% [###                                         ] ETA:   0:00:10   1.1 MiB/s
 12% [#####                                       ] ETA:   0:00:06   1.6 MiB/s
 44% [###################                         ] ETA:   0:00:01   5.1 MiB/s
 65% [############################                ] ETA:   0:00:00   7.1 MiB/s
 78% [##################################          ] ETA:   0:00:00   8.0 MiB/s
 95% [#########################################   ] ETA:   0:00:00   9.3 MiB/s
100% [############################################] ETA:  00:00:00   7.5 MiB/s
100% [############################################] Time:  0:00:01   7.5 MiB/s
  0% [                                              ] ETA:  --:--:--   0.0 s/B
  7% [###                                         ] ETA:   0:00:11   1.0 MiB/s
 39% [#################                           ] ETA:   0:00:01   4.7 MiB/s
 69% [##############################              ] ETA:   0:00:00   7.7 MiB/s
 90% [########################################    ] ETA:   0:00:00   9.7 MiB/s
 99% [########################################### ] ETA:   0:00:00  10.1 MiB/s
100% [############################################] ETA:  00:00:00   7.3 MiB/s
100% [############################################] Time:  0:00:01   7.2 MiB/s
  0% [                                              ] ETA:  --:--:--   0.0 s/B
  8% [###                                         ] ETA:   0:00:11   1.0 MiB/s
 24% [##########                                  ] ETA:   0:00:03   2.9 MiB/s
 49% [#####################                       ] ETA:   0:00:01   5.5 MiB/s
 70% [###############################             ] ETA:   0:00:00   7.3 MiB/s
 91% [########################################    ] ETA:   0:00:00   8.9 MiB/s
 99% [########################################### ] ETA:   0:00:00   9.0 MiB/s
100% [############################################] ETA:  00:00:00   6.9 MiB/s
100% [############################################] Time:  0:00:01   6.9 MiB/s
  0% [                                              ] ETA:  --:--:--   0.0 s/B
  7% [###                                        ] ETA:   0:00:11 1004.9 KiB/s
 23% [##########                                  ] ETA:   0:00:03   2.8 MiB/s
 40% [##################                          ] ETA:   0:00:01   4.4 MiB/s
 65% [#############################               ] ETA:   0:00:00   6.5 MiB/s
 95% [##########################################  ] ETA:   0:00:00   8.8 MiB/s
100% [############################################] Time:  0:00:01   9.0 MiB/s
  0% [                                              ] ETA:  --:--:--   0.0 s/B
  7% [###                                         ] ETA:   0:00:10   1.1 MiB/s
 12% [#####                                       ] ETA:   0:00:06   1.6 MiB/s
 32% [##############                              ] ETA:   0:00:02   4.0 MiB/s
 53% [#######################                     ] ETA:   0:00:00   6.1 MiB/s
 81% [####################################        ] ETA:   0:00:00   9.0 MiB/s
 95% [##########################################  ] ETA:   0:00:00  10.0 MiB/s
100% [############################################] Time:  0:00:01   9.2 MiB/s
  0% [                                              ] ETA:  --:--:--   0.0 s/B
  7% [###                                         ] ETA:   0:00:11   1.0 MiB/s
 12% [#####                                       ] ETA:   0:00:07   1.4 MiB/s
 24% [##########                                  ] ETA:   0:00:03   2.6 MiB/s
 32% [##############                              ] ETA:   0:00:02   3.2 MiB/s
 53% [#######################                     ] ETA:   0:00:01   4.9 MiB/s
 62% [###########################                 ] ETA:   0:00:01   4.7 MiB/s
 70% [##############################              ] ETA:   0:00:00   3.9 MiB/s
 78% [##################################          ] ETA:   0:00:00   4.1 MiB/s
 87% [######################################      ] ETA:   0:00:00   4.4 MiB/s
100% [############################################] ETA:  00:00:00   4.8 MiB/s
100% [############################################] Time:  0:00:02   4.8 MiB/s
  0% [                                              ] ETA:  --:--:--   0.0 s/B
  8% [###                                         ] ETA:   0:00:10   1.1 MiB/s
 16% [#######                                     ] ETA:   0:00:05   2.0 MiB/s
 52% [#######################                     ] ETA:   0:00:00   6.2 MiB/s
 83% [####################################        ] ETA:   0:00:00   9.1 MiB/s
 99% [########################################### ] ETA:   0:00:00   9.9 MiB/s
100% [############################################] ETA:  00:00:00   8.1 MiB/s
100% [############################################] Time:  0:00:01   8.1 MiB/s
  0% [                                              ] ETA:  --:--:--   0.0 s/B
  8% [###                                         ] ETA:   0:00:10   1.1 MiB/s
 16% [#######                                     ] ETA:   0:00:05   1.9 MiB/s
 57% [#########################                   ] ETA:   0:00:00   6.4 MiB/s
 74% [################################            ] ETA:   0:00:00   8.1 MiB/s
 83% [####################################        ] ETA:   0:00:00   8.5 MiB/s
 91% [########################################    ] ETA:   0:00:00   8.7 MiB/s
 99% [########################################### ] ETA:   0:00:00   9.0 MiB/s
100% [############################################] ETA:  00:00:00   7.9 MiB/s
100% [############################################] Time:  0:00:01   7.8 MiB/s
  0% [                                              ] ETA:  --:--:--   0.0 s/B
  7% [###                                         ] ETA:   0:00:11   1.0 MiB/s
 39% [#################                           ] ETA:   0:00:01   4.7 MiB/s
 70% [###############################             ] ETA:   0:00:00   7.8 MiB/s
 90% [########################################    ] ETA:   0:00:00   9.6 MiB/s
 99% [########################################### ] ETA:   0:00:00   9.8 MiB/s
100% [############################################] ETA:  00:00:00   6.9 MiB/s
100% [############################################] Time:  0:00:01   6.5 MiB/s
  0% [                                              ] ETA:  --:--:--   0.0 s/B
  7% [###                                         ] ETA:   0:00:11   1.0 MiB/s
 47% [#####################                       ] ETA:   0:00:01   5.8 MiB/s
 78% [##################################          ] ETA:   0:00:00   9.0 MiB/s
 95% [##########################################  ] ETA:   0:00:00  10.4 MiB/s
100% [############################################] ETA:  00:00:00   7.1 MiB/s
100% [############################################] Time:  0:00:01   7.0 MiB/s
  0% [                                              ] ETA:  --:--:--   0.0 s/B
  7% [###                                         ] ETA:   0:00:11   1.0 MiB/s
 39% [#################                           ] ETA:   0:00:01   4.9 MiB/s
 48% [#####################                       ] ETA:   0:00:01   5.7 MiB/s
 74% [################################            ] ETA:   0:00:00   8.2 MiB/s
 75% [#################################           ] ETA:   0:00:00   5.5 MiB/s
 82% [####################################        ] ETA:   0:00:00   5.8 MiB/s
 95% [##########################################  ] ETA:   0:00:00   6.3 MiB/s
100% [############################################] Time:  0:00:01   6.5 MiB/s
  0% [                                              ] ETA:  --:--:--   0.0 s/B
  7% [###                                        ] ETA:   0:00:11 1019.7 KiB/s
 23% [##########                                  ] ETA:   0:00:03   2.8 MiB/s
 56% [#########################                   ] ETA:   0:00:00   6.4 MiB/s
 73% [################################            ] ETA:   0:00:00   8.0 MiB/s
 90% [########################################    ] ETA:   0:00:00   9.4 MiB/s
 99% [########################################### ] ETA:   0:00:00   9.7 MiB/s
100% [############################################] ETA:  00:00:00   7.0 MiB/s
100% [############################################] Time:  0:00:01   6.6 MiB/s
  0% [                                              ] ETA:  --:--:--   0.0 s/B
  7% [###                                         ] ETA:   0:00:11   1.0 MiB/s
 31% [##############                              ] ETA:   0:00:02   3.8 MiB/s
 57% [#########################                   ] ETA:   0:00:00   6.3 MiB/s
 70% [###############################             ] ETA:   0:00:00   6.9 MiB/s
 75% [#################################           ] ETA:   0:00:00   6.9 MiB/s
 87% [######################################      ] ETA:   0:00:00   7.5 MiB/s
 95% [##########################################  ] ETA:   0:00:00   6.2 MiB/s
100% [############################################] ETA:  00:00:00   6.0 MiB/s
100% [############################################] Time:  0:00:02   5.7 MiB/s
  0% [                                              ] ETA:  --:--:--   0.0 s/B
  7% [###                                         ] ETA:   0:00:10   1.1 MiB/s
 31% [#############                               ] ETA:   0:00:02   4.1 MiB/s
 52% [######################                      ] ETA:   0:00:00   6.3 MiB/s
 82% [####################################        ] ETA:   0:00:00   9.0 MiB/s
 95% [#########################################   ] ETA:   0:00:00   9.7 MiB/s
100% [############################################] ETA:  00:00:00   9.4 MiB/s
100% [############################################] Time:  0:00:01   9.3 MiB/s
[32mSuccessfully downloaded[0m: 80
[32mSuccessfully downloaded[0m: 80
[32mSuccessfully downloaded[0m: 80
[32mSuccessfully downloaded[0m: 80
[32mSuccessfully downloaded[0m: 80
=====| Beginning to process project TCGA-UVM |=====
Attempting to initialize ProjectLayout
Successfully initialized ProjectLayout
Attempting to download data
Attempting to build the manifest
Successfully built the manifest
Attempting to download the methylation data
=====| Beginning to download TCGA-UVM DNA Methylation Data |=====
=====| Finished downloading TCGA-UVM DNA Methylation Data |=====
Successfully downloaded the methylation data
Successfully downloaded data
Attempting to clean the data
=====| Beginning to clean TCGA-UVM raw DNA Methylation Data |=====
Converted ../data/raw/TCGA-UVM/f3d3ce24-9ca5-4f26-969c-f807b309cf8d/1a031b65-b765-409f-816c-0a080ba52f61.methylation_array.sesame.level3betas.txt → ../data/raw/TCGA-UVM/f3d3ce24-9ca5-4f26-969c-f807b309cf8d.parquet
Converted ../data/raw/TCGA-UVM/7cc06b52-fc4c-4bd1-a9cc-49479c343cd3/a7cb10da-eda1-4804-92c1-17eb4f66d535.methylation_array.sesame.level3betas.txt → ../data/raw/TCGA-UVM/7cc06b52-fc4c-4bd1-a9cc-49479c343cd3.parquet
Converted ../data/raw/TCGA-UVM/ff3bf14d-e6b0-4ec7-ba02-a22670d32fb0/fb3f222e-052b-4d6e-b1e5-105508469273.methylation_array.sesame.level3betas.txt → ../data/raw/TCGA-UVM/ff3bf14d-e6b0-4ec7-ba02-a22670d32fb0.parquet
Converted ../data/raw/TCGA-UVM/c4b69ce1-f9eb-46ad-b041-2ca2fefa04cc/9d6f989b-a7db-4947-94b5-c323d7de2077.methylation_array.sesame.level3betas.txt → ../data/raw/TCGA-UVM/c4b69ce1-f9eb-46ad-b041-2ca2fefa04cc.parquet
Converted ../data/raw/TCGA-UVM/a61207c1-53d3-455f-b8da-8459042df7ea/9c5fb413-6478-44c7-8e56-31f390556400.methylation_array.sesame.level3betas.txt → ../data/raw/TCGA-UVM/a61207c1-53d3-455f-b8da-8459042df7ea.parquet
Converted ../data/raw/TCGA-UVM/d0110e2d-1c9b-4db6-b401-36de5119fcd0/81a44d06-fec2-4b30-98b7-bd3f41da9b21.methylation_array.sesame.level3betas.txt → ../data/raw/TCGA-UVM/d0110e2d-1c9b-4db6-b401-36de5119fcd0.parquet
Converted ../data/raw/TCGA-UVM/7c97c087-85e3-4db5-8262-f7e0a3ab93f2/2335bbc3-dfa9-437f-83f4-db3c66d45464.methylation_array.sesame.level3betas.txt → ../data/raw/TCGA-UVM/7c97c087-85e3-4db5-8262-f7e0a3ab93f2.parquet
Converted ../data/raw/TCGA-UVM/89ab35ba-6416-4927-a03f-7a24e71aa2c5/4c5fba78-837c-4ad0-84cd-a55e2b4e4465.methylation_array.sesame.level3betas.txt → ../data/raw/TCGA-UVM/89ab35ba-6416-4927-a03f-7a24e71aa2c5.parquet
Converted ../data/raw/TCGA-UVM/c792e49b-3710-4d83-956a-7ef9e3fc9cf8/72d2f9c0-e340-4786-8e4b-49116698a80d.methylation_array.sesame.level3betas.txt → ../data/raw/TCGA-UVM/c792e49b-3710-4d83-956a-7ef9e3fc9cf8.parquet
Converted ../data/raw/TCGA-UVM/522db9fd-6f0c-4179-a732-fb7b7671e066/70c6d975-a580-47f8-9a62-8bda0dd287ab.methylation_array.sesame.level3betas.txt → ../data/raw/TCGA-UVM/522db9fd-6f0c-4179-a732-fb7b7671e066.parquet
Converted ../data/raw/TCGA-UVM/b59f4b15-1875-4d8a-90e9-f6c6d78769ce/cbccf171-343d-41fd-99d7-63146771e93b.methylation_array.sesame.level3betas.txt → ../data/raw/TCGA-UVM/b59f4b15-1875-4d8a-90e9-f6c6d78769ce.parquet
Converted ../data/raw/TCGA-UVM/6bd4a7a5-9236-4455-8cbd-9a1cb164cc9b/58d968e4-d5cc-4df7-889d-83555b49ecf7.methylation_array.sesame.level3betas.txt → ../data/raw/TCGA-UVM/6bd4a7a5-9236-4455-8cbd-9a1cb164cc9b.parquet
Converted ../data/raw/TCGA-UVM/5375d408-59fc-4de5-9f09-cfc78f7a237d/7a64b17f-02bd-47b6-9753-c65ef92ecfa6.methylation_array.sesame.level3betas.txt → ../data/raw/TCGA-UVM/5375d408-59fc-4de5-9f09-cfc78f7a237d.parquet
Converted ../data/raw/TCGA-UVM/4211462d-16d4-4e99-aefb-df8d3108d528/b4695301-a0d0-48ef-8e3d-af8ed3e47ffa.methylation_array.sesame.level3betas.txt → ../data/raw/TCGA-UVM/4211462d-16d4-4e99-aefb-df8d3108d528.parquet
Converted ../data/raw/TCGA-UVM/f0fb6fd4-1541-4c89-adbd-44936c65cdfe/f280a9a8-1c87-415e-a086-915b731b9491.methylation_array.sesame.level3betas.txt → ../data/raw/TCGA-UVM/f0fb6fd4-1541-4c89-adbd-44936c65cdfe.parquet
Converted ../data/raw/TCGA-UVM/d46b3c08-587d-4455-b75d-0f60a7ce8375/319a6965-e7d9-44c5-a9f7-a919d03e7777.methylation_array.sesame.level3betas.txt → ../data/raw/TCGA-UVM/d46b3c08-587d-4455-b75d-0f60a7ce8375.parquet
Converted ../data/raw/TCGA-UVM/3b3ec087-4b67-43b5-a5fe-249e4ab417d9/a9a61e4b-7d5d-4ee9-84ba-bfaf3101b38b.methylation_array.sesame.level3betas.txt → ../data/raw/TCGA-UVM/3b3ec087-4b67-43b5-a5fe-249e4ab417d9.parquet
Converted ../data/raw/TCGA-UVM/9d465db8-0530-4a15-9da2-758d4a12c3db/ddf7dec7-2669-4e61-9994-3a6622ed071b.methylation_array.sesame.level3betas.txt → ../data/raw/TCGA-UVM/9d465db8-0530-4a15-9da2-758d4a12c3db.parquet
Converted ../data/raw/TCGA-UVM/5e40abf7-5e18-4129-835a-b0de37dbda54/b7567770-30f1-43a1-8f2f-218075cf837b.methylation_array.sesame.level3betas.txt → ../data/raw/TCGA-UVM/5e40abf7-5e18-4129-835a-b0de37dbda54.parquet
Converted ../data/raw/TCGA-UVM/a9547d3b-5f6f-43b2-8fbf-c3fc44e92671/58f4d765-dce5-4aeb-be22-e3bb351f95a2.methylation_array.sesame.level3betas.txt → ../data/raw/TCGA-UVM/a9547d3b-5f6f-43b2-8fbf-c3fc44e92671.parquet
Converted ../data/raw/TCGA-UVM/b057a9da-da16-4a1c-a40c-fc26d145c15f/2cd036df-9ba2-4fdc-b2e6-f680b51f58cf.methylation_array.sesame.level3betas.txt → ../data/raw/TCGA-UVM/b057a9da-da16-4a1c-a40c-fc26d145c15f.parquet
Converted ../data/raw/TCGA-UVM/5d7f2918-000f-4911-bbdb-bab6e2c85fc1/f95aaa9b-2427-428b-aaec-6ae919e9dc51.methylation_array.sesame.level3betas.txt → ../data/raw/TCGA-UVM/5d7f2918-000f-4911-bbdb-bab6e2c85fc1.parquet
Converted ../data/raw/TCGA-UVM/667a4b4a-cb80-4d13-b662-6b464776cd84/ab8251ee-81ad-4e89-9b62-208b0b6a23e4.methylation_array.sesame.level3betas.txt → ../data/raw/TCGA-UVM/667a4b4a-cb80-4d13-b662-6b464776cd84.parquet
Converted ../data/raw/TCGA-UVM/dfae1657-bea5-42bd-81b0-0350573a8606/245bb0c8-524e-472f-827c-40d5ee2763e1.methylation_array.sesame.level3betas.txt → ../data/raw/TCGA-UVM/dfae1657-bea5-42bd-81b0-0350573a8606.parquet
Converted ../data/raw/TCGA-UVM/86f5bf7e-bd62-43ea-87fd-802f04650d1e/cc1e73af-b484-459b-8adb-42f410decdf3.methylation_array.sesame.level3betas.txt → ../data/raw/TCGA-UVM/86f5bf7e-bd62-43ea-87fd-802f04650d1e.parquet
Converted ../data/raw/TCGA-UVM/61adfe4c-5eef-4c53-b507-07af9768ba29/7974695f-b7b3-4a18-99c4-3319c5f67d2a.methylation_array.sesame.level3betas.txt → ../data/raw/TCGA-UVM/61adfe4c-5eef-4c53-b507-07af9768ba29.parquet
Converted ../data/raw/TCGA-UVM/32dbbd69-1da3-4900-a845-6664c48b4689/570775d1-ed29-426f-9b9e-3703e5db965e.methylation_array.sesame.level3betas.txt → ../data/raw/TCGA-UVM/32dbbd69-1da3-4900-a845-6664c48b4689.parquet
Converted ../data/raw/TCGA-UVM/b9657e5b-0560-4232-bed1-a4ae6bd9ad37/c87494d3-9e0e-4541-9251-7219fc5a4285.methylation_array.sesame.level3betas.txt → ../data/raw/TCGA-UVM/b9657e5b-0560-4232-bed1-a4ae6bd9ad37.parquet
Converted ../data/raw/TCGA-UVM/d00f34e9-63bc-45c5-a82a-fb6f5b50738e/540bacdc-b441-460d-9841-ab75be10694f.methylation_array.sesame.level3betas.txt → ../data/raw/TCGA-UVM/d00f34e9-63bc-45c5-a82a-fb6f5b50738e.parquet
Converted ../data/raw/TCGA-UVM/faf38d97-138e-4974-9823-b859f402cfc9/b2361a39-122e-4edd-b3ad-6b2e9a849ae9.methylation_array.sesame.level3betas.txt → ../data/raw/TCGA-UVM/faf38d97-138e-4974-9823-b859f402cfc9.parquet
Converted ../data/raw/TCGA-UVM/39696621-ccbf-4d0b-818a-9b1251e115f9/f8e35e99-d7fa-4de0-b63a-ae63edaeb101.methylation_array.sesame.level3betas.txt → ../data/raw/TCGA-UVM/39696621-ccbf-4d0b-818a-9b1251e115f9.parquet
Converted ../data/raw/TCGA-UVM/eba6bdf9-32d6-4be7-bc25-4d6a6cfe3109/e288e0fa-c59f-4d58-b5d6-2633f3258082.methylation_array.sesame.level3betas.txt → ../data/raw/TCGA-UVM/eba6bdf9-32d6-4be7-bc25-4d6a6cfe3109.parquet
Converted ../data/raw/TCGA-UVM/6658bbb4-5103-431a-8666-4646d35d7f0d/597fb897-733a-4357-bcc6-81f087c1e582.methylation_array.sesame.level3betas.txt → ../data/raw/TCGA-UVM/6658bbb4-5103-431a-8666-4646d35d7f0d.parquet
Converted ../data/raw/TCGA-UVM/7a5f607c-1ce4-4367-a308-1800321ed67e/8743371f-147f-4d0b-8989-a08ca8d4b8ef.methylation_array.sesame.level3betas.txt → ../data/raw/TCGA-UVM/7a5f607c-1ce4-4367-a308-1800321ed67e.parquet
Converted ../data/raw/TCGA-UVM/6caac3d3-f30b-4e67-b64d-42f4f36aebf7/3818b8a5-7790-4f5f-bfae-0ac5a8dfbc18.methylation_array.sesame.level3betas.txt → ../data/raw/TCGA-UVM/6caac3d3-f30b-4e67-b64d-42f4f36aebf7.parquet
Converted ../data/raw/TCGA-UVM/6548481e-3411-465f-9374-cbbe74833d5c/308eee42-7abf-4f68-a6a9-a0314d35ebd6.methylation_array.sesame.level3betas.txt → ../data/raw/TCGA-UVM/6548481e-3411-465f-9374-cbbe74833d5c.parquet
Converted ../data/raw/TCGA-UVM/e9b87a14-ea13-45ea-ae52-db12f586561a/9ea61cca-592d-4909-ac3b-271df4cd2328.methylation_array.sesame.level3betas.txt → ../data/raw/TCGA-UVM/e9b87a14-ea13-45ea-ae52-db12f586561a.parquet
Converted ../data/raw/TCGA-UVM/c94768b0-39ba-46fe-9f12-20d47c6ebb0e/35c8d2b2-3bae-4cfb-a4ef-527c4245a76d.methylation_array.sesame.level3betas.txt → ../data/raw/TCGA-UVM/c94768b0-39ba-46fe-9f12-20d47c6ebb0e.parquet
Converted ../data/raw/TCGA-UVM/2b951f47-8d9b-41ca-a46f-4bd7b565b719/85476c56-e4b2-47d2-b41e-00f8ba76d098.methylation_array.sesame.level3betas.txt → ../data/raw/TCGA-UVM/2b951f47-8d9b-41ca-a46f-4bd7b565b719.parquet
Converted ../data/raw/TCGA-UVM/dadee47b-8b68-458c-a47b-9b988c13737c/f3ab94e0-efb5-437a-a355-96722532bbfd.methylation_array.sesame.level3betas.txt → ../data/raw/TCGA-UVM/dadee47b-8b68-458c-a47b-9b988c13737c.parquet
Converted ../data/raw/TCGA-UVM/5c0bd9f2-0ba8-432a-b8fa-e2fb866ea129/f872f317-87df-4e3f-a8ab-d4f555ab570b.methylation_array.sesame.level3betas.txt → ../data/raw/TCGA-UVM/5c0bd9f2-0ba8-432a-b8fa-e2fb866ea129.parquet
Converted ../data/raw/TCGA-UVM/f9c06a26-2cf1-4493-8120-9664f57d7319/094488a5-6d33-4815-af9b-f61e36f648c3.methylation_array.sesame.level3betas.txt → ../data/raw/TCGA-UVM/f9c06a26-2cf1-4493-8120-9664f57d7319.parquet
Converted ../data/raw/TCGA-UVM/f7ad9d66-d1b1-4c2b-85ff-03b48cced19a/92403e09-1351-42cc-9040-012fbcecd59a.methylation_array.sesame.level3betas.txt → ../data/raw/TCGA-UVM/f7ad9d66-d1b1-4c2b-85ff-03b48cced19a.parquet
Converted ../data/raw/TCGA-UVM/1c22a0a3-5ac3-45f4-b8da-28f3e700001e/d104c757-129f-4360-9e76-3f254515ca6c.methylation_array.sesame.level3betas.txt → ../data/raw/TCGA-UVM/1c22a0a3-5ac3-45f4-b8da-28f3e700001e.parquet
Converted ../data/raw/TCGA-UVM/d14be486-27a7-453f-ab24-1711fa6f0b41/e2fb5a40-5155-49ff-a5a9-297e83196a9d.methylation_array.sesame.level3betas.txt → ../data/raw/TCGA-UVM/d14be486-27a7-453f-ab24-1711fa6f0b41.parquet
Converted ../data/raw/TCGA-UVM/ff4f12ef-e5c7-482a-b0c0-d35e17f5efcd/102a1bac-1ac3-4858-b691-cef1b91d2087.methylation_array.sesame.level3betas.txt → ../data/raw/TCGA-UVM/ff4f12ef-e5c7-482a-b0c0-d35e17f5efcd.parquet
Converted ../data/raw/TCGA-UVM/d8f3961d-1fab-478e-bdb6-c3192ab054d0/dc0268ca-2624-43af-9d55-a6423acef3da.methylation_array.sesame.level3betas.txt → ../data/raw/TCGA-UVM/d8f3961d-1fab-478e-bdb6-c3192ab054d0.parquet
Converted ../data/raw/TCGA-UVM/50d4218b-80aa-4f71-97b0-16445873daac/4a38ee8b-75d0-4491-8d4b-c0b45e024dfa.methylation_array.sesame.level3betas.txt → ../data/raw/TCGA-UVM/50d4218b-80aa-4f71-97b0-16445873daac.parquet
Converted ../data/raw/TCGA-UVM/556588b3-96c6-4e2d-87a7-e47001986210/1b02cc78-1da4-4a45-a063-fc24ec121368.methylation_array.sesame.level3betas.txt → ../data/raw/TCGA-UVM/556588b3-96c6-4e2d-87a7-e47001986210.parquet
Converted ../data/raw/TCGA-UVM/6032bbbb-7861-4166-ad39-5864ed3c94db/4aa9d740-4f7b-46c5-b260-576aa2ef2882.methylation_array.sesame.level3betas.txt → ../data/raw/TCGA-UVM/6032bbbb-7861-4166-ad39-5864ed3c94db.parquet
Converted ../data/raw/TCGA-UVM/0fba985a-aba6-4ea5-84ee-b5d68f9e7f43/aeb78c06-cbe1-4b99-bc05-4295b05b6f7f.methylation_array.sesame.level3betas.txt → ../data/raw/TCGA-UVM/0fba985a-aba6-4ea5-84ee-b5d68f9e7f43.parquet
Converted ../data/raw/TCGA-UVM/16eaec6b-3a16-4e4c-9a57-072376948904/b82299fa-3d3b-4044-9d72-52fb7cdb0dbf.methylation_array.sesame.level3betas.txt → ../data/raw/TCGA-UVM/16eaec6b-3a16-4e4c-9a57-072376948904.parquet
Converted ../data/raw/TCGA-UVM/9629b880-0c8e-4a8c-b58c-330ab8b5578e/693eed7b-4199-43ef-b713-8f84c4b49ceb.methylation_array.sesame.level3betas.txt → ../data/raw/TCGA-UVM/9629b880-0c8e-4a8c-b58c-330ab8b5578e.parquet
Converted ../data/raw/TCGA-UVM/ee459c34-c47f-4aff-b2fb-9b5c30a1b5d1/544e3195-686d-4b83-9b04-551edbe271e5.methylation_array.sesame.level3betas.txt → ../data/raw/TCGA-UVM/ee459c34-c47f-4aff-b2fb-9b5c30a1b5d1.parquet
Converted ../data/raw/TCGA-UVM/04708e19-9991-43de-8668-6801c6102711/5586a218-24de-49e2-8a1a-0cabec191425.methylation_array.sesame.level3betas.txt → ../data/raw/TCGA-UVM/04708e19-9991-43de-8668-6801c6102711.parquet
Converted ../data/raw/TCGA-UVM/d7e68ff7-f2a5-4c5e-a468-a7cbf90a2a63/fb873545-ea73-4ce0-8ff7-00ce00c1b195.methylation_array.sesame.level3betas.txt → ../data/raw/TCGA-UVM/d7e68ff7-f2a5-4c5e-a468-a7cbf90a2a63.parquet
Converted ../data/raw/TCGA-UVM/e60c0671-ad61-44e5-b77f-44e87192bbf2/7eef9ce5-c06a-4f17-9123-8e09892177fb.methylation_array.sesame.level3betas.txt → ../data/raw/TCGA-UVM/e60c0671-ad61-44e5-b77f-44e87192bbf2.parquet
Converted ../data/raw/TCGA-UVM/c8a32d2d-a605-46f8-a713-2d9f595be47f/3de1efc5-0794-4df6-9983-1180e359d609.methylation_array.sesame.level3betas.txt → ../data/raw/TCGA-UVM/c8a32d2d-a605-46f8-a713-2d9f595be47f.parquet
Converted ../data/raw/TCGA-UVM/014a6ce6-5eab-42ca-b497-ce215438c7ce/70489964-9b94-4f3b-9de2-b6f6472679e4.methylation_array.sesame.level3betas.txt → ../data/raw/TCGA-UVM/014a6ce6-5eab-42ca-b497-ce215438c7ce.parquet
Converted ../data/raw/TCGA-UVM/a4989c72-36a7-4595-af2b-9a158fde7318/f42b7dd3-a69f-49bc-849c-fff562dd7314.methylation_array.sesame.level3betas.txt → ../data/raw/TCGA-UVM/a4989c72-36a7-4595-af2b-9a158fde7318.parquet
Converted ../data/raw/TCGA-UVM/e2a97454-30d9-4cfd-8ac4-f8db47ac7af4/80d862c2-58f4-4899-ae06-795a230b1662.methylation_array.sesame.level3betas.txt → ../data/raw/TCGA-UVM/e2a97454-30d9-4cfd-8ac4-f8db47ac7af4.parquet
Converted ../data/raw/TCGA-UVM/59001ffb-f225-4609-b05c-fa804dc35cb0/b6cc116c-8dbc-4ad3-ac4c-23f9d7056b38.methylation_array.sesame.level3betas.txt → ../data/raw/TCGA-UVM/59001ffb-f225-4609-b05c-fa804dc35cb0.parquet
Converted ../data/raw/TCGA-UVM/dde2f045-3469-4f49-9889-d1f53a7c03dd/c3270f30-f314-4f01-977a-03c93dffcb38.methylation_array.sesame.level3betas.txt → ../data/raw/TCGA-UVM/dde2f045-3469-4f49-9889-d1f53a7c03dd.parquet
Converted ../data/raw/TCGA-UVM/21c1e5af-2f2c-41a5-a6e6-5636e299b32a/756b67b6-7774-4547-8025-616edc5101b7.methylation_array.sesame.level3betas.txt → ../data/raw/TCGA-UVM/21c1e5af-2f2c-41a5-a6e6-5636e299b32a.parquet
Converted ../data/raw/TCGA-UVM/9cf6e901-102f-4b77-b926-90dd5950fe7d/c832bcfc-c9ee-4bea-b810-86455e417dcf.methylation_array.sesame.level3betas.txt → ../data/raw/TCGA-UVM/9cf6e901-102f-4b77-b926-90dd5950fe7d.parquet
Converted ../data/raw/TCGA-UVM/c53c57b2-a0f4-4647-bfa8-fd2cba568386/ed1c9c72-7e6a-4c1d-88bf-b1adc21dafb6.methylation_array.sesame.level3betas.txt → ../data/raw/TCGA-UVM/c53c57b2-a0f4-4647-bfa8-fd2cba568386.parquet
Converted ../data/raw/TCGA-UVM/cbd42e9d-a6f6-49b1-a9d6-a961e0618350/d78e20d6-da76-4695-93da-4a2dfe26d0b9.methylation_array.sesame.level3betas.txt → ../data/raw/TCGA-UVM/cbd42e9d-a6f6-49b1-a9d6-a961e0618350.parquet
Converted ../data/raw/TCGA-UVM/1c036681-b7aa-400a-892b-cf63672cd8d2/f62ab6c8-3f94-4c11-9188-993b2e113f8a.methylation_array.sesame.level3betas.txt → ../data/raw/TCGA-UVM/1c036681-b7aa-400a-892b-cf63672cd8d2.parquet
Converted ../data/raw/TCGA-UVM/2df16ce6-cb34-4998-885d-33a5e40bc9b5/1e4d1863-47eb-46c3-b290-f17ae08775e3.methylation_array.sesame.level3betas.txt → ../data/raw/TCGA-UVM/2df16ce6-cb34-4998-885d-33a5e40bc9b5.parquet
Converted ../data/raw/TCGA-UVM/ca305876-307a-4f17-8230-4d849b4128db/610d97d1-db26-4f7f-a739-a1eab6a7f859.methylation_array.sesame.level3betas.txt → ../data/raw/TCGA-UVM/ca305876-307a-4f17-8230-4d849b4128db.parquet
Converted ../data/raw/TCGA-UVM/659f7239-c69a-4d6f-9127-1d725e8c4371/322846cb-b4f7-40d5-915b-2a02ef4c4a86.methylation_array.sesame.level3betas.txt → ../data/raw/TCGA-UVM/659f7239-c69a-4d6f-9127-1d725e8c4371.parquet
Converted ../data/raw/TCGA-UVM/fc9510f1-9fdb-430e-9c9c-f9030da76781/cfaa6d1b-dc34-416e-afd3-9cc677cbf088.methylation_array.sesame.level3betas.txt → ../data/raw/TCGA-UVM/fc9510f1-9fdb-430e-9c9c-f9030da76781.parquet
Converted ../data/raw/TCGA-UVM/9dd01110-f5a5-4ee9-b47b-5f63c1026253/6952bd18-8fd2-45f1-b6c3-60eb6d143a5f.methylation_array.sesame.level3betas.txt → ../data/raw/TCGA-UVM/9dd01110-f5a5-4ee9-b47b-5f63c1026253.parquet
Converted ../data/raw/TCGA-UVM/6348c6df-0d9c-4dfd-8787-87e958940853/bdef3767-90f4-4607-9508-85316e77e877.methylation_array.sesame.level3betas.txt → ../data/raw/TCGA-UVM/6348c6df-0d9c-4dfd-8787-87e958940853.parquet
Converted ../data/raw/TCGA-UVM/ffd1c30b-2516-44a7-8ca7-5a3012ccc4b3/52ea6561-dc3d-400d-81a9-956b71f8eace.methylation_array.sesame.level3betas.txt → ../data/raw/TCGA-UVM/ffd1c30b-2516-44a7-8ca7-5a3012ccc4b3.parquet
Converted ../data/raw/TCGA-UVM/9388d4d6-7427-4c27-853e-6d235ec8d0d4/96af0a46-0cf1-4510-8f33-af87b3694c17.methylation_array.sesame.level3betas.txt → ../data/raw/TCGA-UVM/9388d4d6-7427-4c27-853e-6d235ec8d0d4.parquet
Converted ../data/raw/TCGA-UVM/6c5d8632-9190-40d4-8262-cfffe214802f/7f79aa44-9106-4bbe-add8-25349982b730.methylation_array.sesame.level3betas.txt → ../data/raw/TCGA-UVM/6c5d8632-9190-40d4-8262-cfffe214802f.parquet
Converted ../data/raw/TCGA-UVM/9d027c64-02dc-4bea-8f67-5d340619a2ee/a0bc9249-921f-4ccc-acfe-2e4570713819.methylation_array.sesame.level3betas.txt → ../data/raw/TCGA-UVM/9d027c64-02dc-4bea-8f67-5d340619a2ee.parquet
Converted ../data/raw/TCGA-UVM/3ebffdda-55ee-4ed6-a84c-e2e841d34bda/a5f2f159-1bdf-473c-95cb-e27af9aa4a7a.methylation_array.sesame.level3betas.txt → ../data/raw/TCGA-UVM/3ebffdda-55ee-4ed6-a84c-e2e841d34bda.parquet
Converted ../data/raw/TCGA-UVM/27c8577f-9a16-40ef-840d-3a44509246df/51d33cbd-b686-4edc-b9fd-076448f2fd17.methylation_array.sesame.level3betas.txt → ../data/raw/TCGA-UVM/27c8577f-9a16-40ef-840d-3a44509246df.parquet
=====| Finished cleaning TCGA-UVM raw DNA Methylation Data |=====
Successfully cleaned the data
Attempting to load the raw project data
Successfully loaded the raw project data
Attempting to perform quality control
Successfully performed quality control
Attempting to preprocess the data
Successfully preprocessed the data
=====| Finished processing project TCGA-UVM |=====
